<?xml version="1.0" encoding="UTF-8"?>
<coverage generated="1748143285138" clover="3.2.0">
  <project timestamp="1748143285138" name="All files">
    <metrics statements="247" coveredstatements="205" conditionals="116" coveredconditionals="70" methods="43" coveredmethods="34" elements="406" coveredelements="309" complexity="0" loc="247" ncloc="247" packages="1" files="3" classes="3"/>
    <file name="absorptionDetector.ts" path="/Users/marcschot/Projects/OrderFlow Trading/src/absorptionDetector.ts">
      <metrics statements="60" coveredstatements="32" conditionals="38" coveredconditionals="8" methods="7" coveredmethods="5"/>
      <line num="21" count="1" type="stmt"/>
      <line num="22" count="1" type="stmt"/>
      <line num="23" count="1" type="stmt"/>
      <line num="30" count="1" type="stmt"/>
      <line num="32" count="1" type="stmt"/>
      <line num="44" count="1" type="stmt"/>
      <line num="45" count="1" type="stmt"/>
      <line num="46" count="1" type="stmt"/>
      <line num="47" count="1" type="stmt"/>
      <line num="48" count="1" type="stmt"/>
      <line num="49" count="1" type="stmt"/>
      <line num="53" count="1" type="cond" truecount="1" falsecount="0"/>
      <line num="54" count="1" type="stmt"/>
      <line num="55" count="1" type="stmt"/>
      <line num="56" count="1" type="stmt"/>
      <line num="57" count="1" type="cond" truecount="1" falsecount="1"/>
      <line num="59" count="1" type="stmt"/>
      <line num="64" count="0" type="stmt"/>
      <line num="68" count="0" type="stmt"/>
      <line num="69" count="0" type="stmt"/>
      <line num="70" count="0" type="stmt"/>
      <line num="71" count="0" type="cond" truecount="0" falsecount="2"/>
      <line num="72" count="0" type="stmt"/>
      <line num="73" count="0" type="stmt"/>
      <line num="77" count="0" type="cond" truecount="0" falsecount="1"/>
      <line num="78" count="0" type="cond" truecount="0" falsecount="1"/>
      <line num="83" count="1" type="stmt"/>
      <line num="87" count="1" type="stmt"/>
      <line num="88" count="1" type="cond" truecount="1" falsecount="1"/>
      <line num="91" count="1" type="cond" truecount="1" falsecount="0"/>
      <line num="92" count="1" type="stmt"/>
      <line num="96" count="1" type="stmt"/>
      <line num="100" count="1" type="stmt"/>
      <line num="102" count="1" type="stmt"/>
      <line num="105" count="1" type="cond" truecount="1" falsecount="0"/>
      <line num="106" count="1" type="stmt"/>
      <line num="109" count="1" type="stmt"/>
      <line num="110" count="1" type="stmt"/>
      <line num="112" count="1" type="cond" truecount="1" falsecount="3"/>
      <line num="113" count="1" type="stmt"/>
      <line num="115" count="1" type="cond" truecount="1" falsecount="0"/>
      <line num="118" count="0" type="stmt"/>
      <line num="119" count="0" type="cond" truecount="0" falsecount="2"/>
      <line num="122" count="0" type="stmt"/>
      <line num="123" count="0" type="cond" truecount="0" falsecount="1"/>
      <line num="125" count="0" type="cond" truecount="0" falsecount="2"/>
      <line num="126" count="0" type="cond" truecount="0" falsecount="2"/>
      <line num="129" count="0" type="stmt"/>
      <line num="130" count="0" type="stmt"/>
      <line num="131" count="0" type="cond" truecount="0" falsecount="1"/>
      <line num="133" count="0" type="cond" truecount="0" falsecount="2"/>
      <line num="134" count="0" type="cond" truecount="0" falsecount="1"/>
      <line num="135" count="0" type="stmt"/>
      <line num="138" count="0" type="stmt"/>
      <line num="141" count="0" type="stmt"/>
      <line num="142" count="0" type="stmt"/>
      <line num="143" count="0" type="cond" truecount="0" falsecount="2"/>
      <line num="144" count="0" type="cond" truecount="0" falsecount="1"/>
      <line num="148" count="0" type="stmt"/>
      <line num="149" count="0" type="stmt"/>
    </file>
    <file name="orderFlowDashBoard.ts" path="/Users/marcschot/Projects/OrderFlow Trading/src/orderFlowDashBoard.ts">
      <metrics statements="158" coveredstatements="146" conditionals="58" coveredconditionals="49" methods="33" coveredmethods="26"/>
      <line num="1" count="1" type="stmt"/>
      <line num="2" count="1" type="stmt"/>
      <line num="3" count="1" type="stmt"/>
      <line num="5" count="1" type="stmt"/>
      <line num="6" count="1" type="stmt"/>
      <line num="7" count="1" type="stmt"/>
      <line num="9" count="1" type="stmt"/>
      <line num="10" count="1" type="stmt"/>
      <line num="11" count="1" type="stmt"/>
      <line num="12" count="1" type="stmt"/>
      <line num="13" count="1" type="stmt"/>
      <line num="15" count="1" type="stmt"/>
      <line num="16" count="50" type="stmt"/>
      <line num="17" count="50" type="stmt"/>
      <line num="20" count="50" type="stmt"/>
      <line num="21" count="50" type="stmt"/>
      <line num="25" count="50" type="stmt"/>
      <line num="38" count="50" type="stmt"/>
      <line num="47" count="50" type="cond" truecount="1" falsecount="0"/>
      <line num="49" count="50" type="stmt"/>
      <line num="50" count="50" type="stmt"/>
      <line num="51" count="50" type="stmt"/>
      <line num="53" count="50" type="stmt"/>
      <line num="55" count="0" type="stmt"/>
      <line num="56" count="0" type="stmt"/>
      <line num="66" count="50" type="stmt"/>
      <line num="68" count="0" type="stmt"/>
      <line num="69" count="0" type="stmt"/>
      <line num="79" count="50" type="stmt"/>
      <line num="81" count="1" type="stmt"/>
      <line num="90" count="1" type="stmt"/>
      <line num="91" count="1" type="stmt"/>
      <line num="101" count="50" type="stmt"/>
      <line num="103" count="50" type="stmt"/>
      <line num="104" count="42" type="stmt"/>
      <line num="106" count="42" type="stmt"/>
      <line num="108" count="42" type="stmt"/>
      <line num="109" count="11" type="stmt"/>
      <line num="113" count="11" type="cond" truecount="2" falsecount="0"/>
      <line num="114" count="9" type="stmt"/>
      <line num="115" count="2" type="cond" truecount="2" falsecount="0"/>
      <line num="116" count="1" type="stmt"/>
      <line num="118" count="1" type="stmt"/>
      <line num="121" count="10" type="stmt"/>
      <line num="123" count="9" type="cond" truecount="1" falsecount="0"/>
      <line num="124" count="2" type="stmt"/>
      <line num="127" count="7" type="stmt"/>
      <line num="128" count="7" type="cond" truecount="0" falsecount="1"/>
      <line num="132" count="0" type="stmt"/>
      <line num="135" count="7" type="cond" truecount="1" falsecount="0"/>
      <line num="136" count="2" type="stmt"/>
      <line num="141" count="7" type="cond" truecount="1" falsecount="0"/>
      <line num="145" count="5" type="stmt"/>
      <line num="146" count="5" type="cond" truecount="2" falsecount="0"/>
      <line num="148" count="5" type="cond" truecount="1" falsecount="0"/>
      <line num="153" count="3" type="stmt"/>
      <line num="154" count="3" type="stmt"/>
      <line num="157" count="2" type="stmt"/>
      <line num="159" count="2" type="stmt"/>
      <line num="160" count="2" type="stmt"/>
      <line num="161" count="2" type="stmt"/>
      <line num="170" count="4" type="stmt"/>
      <line num="175" count="50" type="stmt"/>
      <line num="181" count="13" type="stmt"/>
      <line num="192" count="8" type="cond" truecount="1" falsecount="0"/>
      <line num="198" count="3" type="stmt"/>
      <line num="201" count="5" type="stmt"/>
      <line num="206" count="5" type="cond" truecount="6" falsecount="0"/>
      <line num="217" count="4" type="stmt"/>
      <line num="218" count="4" type="stmt"/>
      <line num="219" count="4" type="stmt"/>
      <line num="220" count="4" type="stmt"/>
      <line num="221" count="4" type="stmt"/>
      <line num="226" count="1" type="stmt"/>
      <line num="227" count="1" type="stmt"/>
      <line num="229" count="0" type="stmt"/>
      <line num="234" count="2" type="stmt"/>
      <line num="235" count="2" type="stmt"/>
      <line num="237" count="0" type="stmt"/>
      <line num="242" count="8" type="stmt"/>
      <line num="243" count="7" type="cond" truecount="0" falsecount="1"/>
      <line num="244" count="0" type="stmt"/>
      <line num="250" count="3" type="stmt"/>
      <line num="251" count="3" type="stmt"/>
      <line num="253" count="2" type="stmt"/>
      <line num="258" count="9" type="stmt"/>
      <line num="259" count="9" type="stmt"/>
      <line num="261" count="7" type="stmt"/>
      <line num="262" count="2" type="stmt"/>
      <line num="263" count="2" type="stmt"/>
      <line num="264" count="2" type="stmt"/>
      <line num="265" count="0" type="stmt"/>
      <line num="266" count="0" type="stmt"/>
      <line num="270" count="2" type="stmt"/>
      <line num="274" count="7" type="stmt"/>
      <line num="275" count="7" type="stmt"/>
      <line num="278" count="6" type="stmt"/>
      <line num="283" count="6" type="stmt"/>
      <line num="288" count="1" type="stmt"/>
      <line num="289" count="1" type="stmt"/>
      <line num="290" count="1" type="stmt"/>
      <line num="292" count="1" type="stmt"/>
      <line num="295" count="0" type="stmt"/>
      <line num="297" count="1" type="stmt"/>
      <line num="302" count="5" type="stmt"/>
      <line num="305" count="1" type="stmt"/>
      <line num="306" count="1" type="stmt"/>
      <line num="307" count="1" type="stmt"/>
      <line num="308" count="1" type="stmt"/>
      <line num="309" count="1" type="stmt"/>
      <line num="314" count="1" type="stmt"/>
      <line num="315" count="0" type="stmt"/>
      <line num="317" count="1" type="stmt"/>
      <line num="322" count="2" type="stmt"/>
      <line num="325" count="2" type="stmt"/>
      <line num="330" count="5" type="stmt"/>
      <line num="331" count="5" type="stmt"/>
      <line num="339" count="4" type="cond" truecount="1" falsecount="0"/>
      <line num="340" count="1" type="stmt"/>
      <line num="345" count="3" type="stmt"/>
      <line num="347" count="2" type="stmt"/>
      <line num="352" count="5" type="stmt"/>
      <line num="354" count="5" type="stmt"/>
      <line num="355" count="5" type="cond" truecount="2" falsecount="0"/>
      <line num="356" count="4" type="stmt"/>
      <line num="364" count="4" type="stmt"/>
      <line num="366" count="1" type="stmt"/>
      <line num="369" count="5" type="stmt"/>
      <line num="377" count="3" type="stmt"/>
      <line num="378" count="3" type="stmt"/>
      <line num="379" count="1" type="stmt"/>
      <line num="382" count="1" type="stmt"/>
      <line num="383" count="1" type="stmt"/>
      <line num="385" count="1" type="stmt"/>
      <line num="391" count="3" type="stmt"/>
      <line num="392" count="1" type="stmt"/>
      <line num="393" count="1" type="stmt"/>
      <line num="394" count="1" type="stmt"/>
      <line num="399" count="1" type="stmt"/>
      <line num="400" count="1" type="stmt"/>
      <line num="411" count="1" type="stmt"/>
      <line num="414" count="1" type="stmt"/>
      <line num="415" count="1" type="stmt"/>
      <line num="423" count="1" type="stmt"/>
      <line num="424" count="1" type="stmt"/>
      <line num="434" count="1" type="stmt"/>
      <line num="437" count="1" type="stmt"/>
      <line num="438" count="1" type="stmt"/>
      <line num="446" count="1" type="stmt"/>
      <line num="450" count="2" type="stmt"/>
      <line num="451" count="2" type="stmt"/>
      <line num="453" count="2" type="stmt"/>
      <line num="454" count="2" type="stmt"/>
      <line num="455" count="2" type="stmt"/>
      <line num="457" count="2" type="stmt"/>
      <line num="463" count="1" type="stmt"/>
      <line num="464" count="1" type="stmt"/>
      <line num="466" count="1" type="stmt"/>
    </file>
    <file name="swingPredictor.ts" path="/Users/marcschot/Projects/OrderFlow Trading/src/swingPredictor.ts">
      <metrics statements="29" coveredstatements="27" conditionals="20" coveredconditionals="13" methods="3" coveredmethods="3"/>
      <line num="18" count="1" type="stmt"/>
      <line num="25" count="3" type="stmt"/>
      <line num="27" count="3" type="stmt"/>
      <line num="30" count="3" type="cond" truecount="1" falsecount="1"/>
      <line num="31" count="3" type="cond" truecount="1" falsecount="1"/>
      <line num="32" count="3" type="cond" truecount="1" falsecount="1"/>
      <line num="33" count="3" type="cond" truecount="1" falsecount="1"/>
      <line num="34" count="3" type="stmt"/>
      <line num="38" count="4" type="stmt"/>
      <line num="39" count="4" type="stmt"/>
      <line num="46" count="5" type="stmt"/>
      <line num="47" count="4" type="cond" truecount="0" falsecount="1"/>
      <line num="48" count="0" type="stmt"/>
      <line num="49" count="0" type="stmt"/>
      <line num="52" count="4" type="stmt"/>
      <line num="53" count="4" type="stmt"/>
      <line num="54" count="4" type="stmt"/>
      <line num="55" count="4" type="stmt"/>
      <line num="58" count="4" type="cond" truecount="3" falsecount="0"/>
      <line num="61" count="4" type="stmt"/>
      <line num="62" count="4" type="cond" truecount="1" falsecount="1"/>
      <line num="66" count="4" type="cond" truecount="1" falsecount="0"/>
      <line num="67" count="3" type="cond" truecount="1" falsecount="1"/>
      <line num="68" count="3" type="stmt"/>
      <line num="69" count="3" type="cond" truecount="2" falsecount="0"/>
      <line num="71" count="3" type="cond" truecount="1" falsecount="0"/>
      <line num="72" count="2" type="stmt"/>
      <line num="73" count="2" type="stmt"/>
      <line num="79" count="2" type="stmt"/>
    </file>
  </project>
</coverage>
