{
    "/Users/marcschot/Projects/OrderFlow Trading/src/absorptionDetector.ts": {
        "path": "/Users/marcschot/Projects/OrderFlow Trading/src/absorptionDetector.ts",
        "statementMap": {
            "0": {
                "start": { "line": 22, "column": 63 },
                "end": { "line": 22, "column": 72 }
            },
            "1": {
                "start": { "line": 23, "column": 62 },
                "end": { "line": 23, "column": 64 }
            },
            "2": {
                "start": { "line": 30, "column": 46 },
                "end": { "line": 30, "column": 55 }
            },
            "3": {
                "start": { "line": 32, "column": 8 },
                "end": { "line": 32, "column": 17 }
            },
            "4": {
                "start": { "line": 44, "column": 8 },
                "end": { "line": 44, "column": 37 }
            },
            "5": {
                "start": { "line": 45, "column": 8 },
                "end": { "line": 45, "column": 33 }
            },
            "6": {
                "start": { "line": 46, "column": 8 },
                "end": { "line": 46, "column": 41 }
            },
            "7": {
                "start": { "line": 47, "column": 8 },
                "end": { "line": 47, "column": 45 }
            },
            "8": {
                "start": { "line": 48, "column": 8 },
                "end": { "line": 48, "column": 35 }
            },
            "9": {
                "start": { "line": 49, "column": 8 },
                "end": { "line": 49, "column": 47 }
            },
            "10": {
                "start": { "line": 53, "column": 8 },
                "end": { "line": 60, "column": 9 }
            },
            "11": {
                "start": { "line": 54, "column": 12 },
                "end": { "line": 54, "column": 36 }
            },
            "12": {
                "start": { "line": 55, "column": 24 },
                "end": { "line": 55, "column": 34 }
            },
            "13": {
                "start": { "line": 56, "column": 12 },
                "end": { "line": 58, "column": 14 }
            },
            "14": {
                "start": { "line": 57, "column": 23 },
                "end": { "line": 57, "column": 56 }
            },
            "15": {
                "start": { "line": 59, "column": 12 },
                "end": { "line": 59, "column": 35 }
            },
            "16": {
                "start": { "line": 64, "column": 28 },
                "end": { "line": 75, "column": 9 }
            },
            "17": {
                "start": { "line": 68, "column": 12 },
                "end": { "line": 74, "column": 13 }
            },
            "18": {
                "start": { "line": 69, "column": 30 },
                "end": { "line": 69, "column": 50 }
            },
            "19": {
                "start": { "line": 70, "column": 28 },
                "end": { "line": 70, "column": 46 }
            },
            "20": {
                "start": { "line": 71, "column": 30 },
                "end": { "line": 71, "column": 73 }
            },
            "21": {
                "start": { "line": 72, "column": 16 },
                "end": { "line": 72, "column": 34 }
            },
            "22": {
                "start": { "line": 73, "column": 16 },
                "end": { "line": 73, "column": 45 }
            },
            "23": {
                "start": { "line": 77, "column": 8 },
                "end": { "line": 77, "column": 73 }
            },
            "24": {
                "start": { "line": 77, "column": 22 },
                "end": { "line": 77, "column": 73 }
            },
            "25": {
                "start": { "line": 78, "column": 8 },
                "end": { "line": 78, "column": 73 }
            },
            "26": {
                "start": { "line": 78, "column": 22 },
                "end": { "line": 78, "column": 73 }
            },
            "27": {
                "start": { "line": 83, "column": 24 },
                "end": { "line": 83, "column": null }
            },
            "28": {
                "start": { "line": 87, "column": 8 },
                "end": { "line": 93, "column": 9 }
            },
            "29": {
                "start": { "line": 88, "column": 26 },
                "end": { "line": 89, "column": null }
            },
            "30": {
                "start": { "line": 91, "column": 12 },
                "end": { "line": 91, "column": 60 }
            },
            "31": {
                "start": { "line": 91, "column": 37 },
                "end": { "line": 91, "column": 60 }
            },
            "32": {
                "start": { "line": 92, "column": 12 },
                "end": { "line": 92, "column": 44 }
            },
            "33": {
                "start": { "line": 96, "column": 24 },
                "end": { "line": 96, "column": null }
            },
            "34": {
                "start": { "line": 100, "column": 8 },
                "end": { "line": 107, "column": 9 }
            },
            "35": {
                "start": { "line": 102, "column": 25 },
                "end": { "line": 104, "column": 42 }
            },
            "36": {
                "start": { "line": 105, "column": 12 },
                "end": { "line": 105, "column": 58 }
            },
            "37": {
                "start": { "line": 105, "column": 36 },
                "end": { "line": 105, "column": 58 }
            },
            "38": {
                "start": { "line": 106, "column": 12 },
                "end": { "line": 106, "column": 54 }
            },
            "39": {
                "start": { "line": 109, "column": 8 },
                "end": { "line": 159, "column": 9 }
            },
            "40": {
                "start": { "line": 110, "column": 37 },
                "end": { "line": 114, "column": 17 }
            },
            "41": {
                "start": { "line": 112, "column": 20 },
                "end": { "line": 112, "column": 74 }
            },
            "42": {
                "start": { "line": 113, "column": 16 },
                "end": { "line": 113, "column": 33 }
            },
            "43": {
                "start": { "line": 115, "column": 12 },
                "end": { "line": 115, "column": 63 }
            },
            "44": {
                "start": { "line": 115, "column": 54 },
                "end": { "line": 115, "column": 63 }
            },
            "45": {
                "start": { "line": 118, "column": 32 },
                "end": { "line": 118, "column": 69 }
            },
            "46": {
                "start": { "line": 119, "column": 26 },
                "end": { "line": 120, "column": null }
            },
            "47": {
                "start": { "line": 122, "column": 30 },
                "end": { "line": 122, "column": 51 }
            },
            "48": {
                "start": { "line": 123, "column": 12 },
                "end": { "line": 123, "column": 37 }
            },
            "49": {
                "start": { "line": 123, "column": 28 },
                "end": { "line": 123, "column": 37 }
            },
            "50": {
                "start": { "line": 125, "column": 25 },
                "end": { "line": 125, "column": 55 }
            },
            "51": {
                "start": { "line": 126, "column": 31 },
                "end": { "line": 126, "column": 77 }
            },
            "52": {
                "start": { "line": 129, "column": 30 },
                "end": { "line": 129, "column": 61 }
            },
            "53": {
                "start": { "line": 130, "column": 27 },
                "end": { "line": 130, "column": 32 }
            },
            "54": {
                "start": { "line": 131, "column": 12 },
                "end": { "line": 137, "column": 13 }
            },
            "55": {
                "start": { "line": 133, "column": 20 },
                "end": { "line": 133, "column": 66 }
            },
            "56": {
                "start": { "line": 134, "column": 16 },
                "end": { "line": 136, "column": 17 }
            },
            "57": {
                "start": { "line": 135, "column": 20 },
                "end": { "line": 135, "column": 36 }
            },
            "58": {
                "start": { "line": 138, "column": 12 },
                "end": { "line": 138, "column": 62 }
            },
            "59": {
                "start": { "line": 141, "column": 29 },
                "end": { "line": 141, "column": 46 }
            },
            "60": {
                "start": { "line": 142, "column": 24 },
                "end": { "line": 142, "column": 34 }
            },
            "61": {
                "start": { "line": 143, "column": 25 },
                "end": { "line": 143, "column": 59 }
            },
            "62": {
                "start": { "line": 144, "column": 12 },
                "end": { "line": 158, "column": 13 }
            },
            "63": {
                "start": { "line": 148, "column": 16 },
                "end": { "line": 148, "column": 51 }
            },
            "64": {
                "start": { "line": 149, "column": 16 },
                "end": { "line": 157, "column": 19 }
            },
            "65": {
                "start": { "line": 21, "column": 0 },
                "end": { "line": 21, "column": 13 }
            }
        },
        "fnMap": {
            "0": {
                "name": "(anonymous_0)",
                "decl": {
                    "start": { "line": 34, "column": 4 },
                    "end": { "line": 34, "column": null }
                },
                "loc": {
                    "start": { "line": 42, "column": 34 },
                    "end": { "line": 50, "column": 5 }
                }
            },
            "1": {
                "name": "(anonymous_1)",
                "decl": {
                    "start": { "line": 52, "column": 11 },
                    "end": { "line": 52, "column": 19 }
                },
                "loc": {
                    "start": { "line": 52, "column": 64 },
                    "end": { "line": 61, "column": 5 }
                }
            },
            "2": {
                "name": "(anonymous_2)",
                "decl": {
                    "start": { "line": 57, "column": 16 },
                    "end": { "line": 57, "column": 17 }
                },
                "loc": {
                    "start": { "line": 57, "column": 23 },
                    "end": { "line": 57, "column": 56 }
                }
            },
            "3": {
                "name": "(anonymous_3)",
                "decl": {
                    "start": { "line": 63, "column": 11 },
                    "end": { "line": 63, "column": 19 }
                },
                "loc": {
                    "start": { "line": 63, "column": 70 },
                    "end": { "line": 79, "column": 5 }
                }
            },
            "4": {
                "name": "(anonymous_4)",
                "decl": {
                    "start": { "line": 64, "column": 28 },
                    "end": { "line": 64, "column": null }
                },
                "loc": {
                    "start": { "line": 67, "column": 18 },
                    "end": { "line": 75, "column": 9 }
                }
            },
            "5": {
                "name": "(anonymous_5)",
                "decl": {
                    "start": { "line": 81, "column": 12 },
                    "end": { "line": 81, "column": 27 }
                },
                "loc": {
                    "start": { "line": 81, "column": 27 },
                    "end": { "line": 160, "column": 5 }
                }
            },
            "6": {
                "name": "(anonymous_6)",
                "decl": {
                    "start": { "line": 110, "column": 57 },
                    "end": { "line": 110, "column": 58 }
                },
                "loc": {
                    "start": { "line": 110, "column": 68 },
                    "end": { "line": 114, "column": 13 }
                }
            }
        },
        "branchMap": {
            "0": {
                "loc": {
                    "start": { "line": 36, "column": 8 },
                    "end": { "line": 42, "column": 34 }
                },
                "type": "default-arg",
                "locations": [
                    {
                        "start": { "line": 42, "column": 32 },
                        "end": { "line": 42, "column": 34 }
                    }
                ]
            },
            "1": {
                "loc": {
                    "start": { "line": 37, "column": 12 },
                    "end": { "line": 37, "column": 28 }
                },
                "type": "default-arg",
                "locations": [
                    {
                        "start": { "line": 37, "column": 23 },
                        "end": { "line": 37, "column": 28 }
                    }
                ]
            },
            "2": {
                "loc": {
                    "start": { "line": 38, "column": 12 },
                    "end": { "line": 38, "column": 30 }
                },
                "type": "default-arg",
                "locations": [
                    {
                        "start": { "line": 38, "column": 27 },
                        "end": { "line": 38, "column": 30 }
                    }
                ]
            },
            "3": {
                "loc": {
                    "start": { "line": 39, "column": 12 },
                    "end": { "line": 39, "column": 30 }
                },
                "type": "default-arg",
                "locations": [
                    {
                        "start": { "line": 39, "column": 29 },
                        "end": { "line": 39, "column": 30 }
                    }
                ]
            },
            "4": {
                "loc": {
                    "start": { "line": 40, "column": 12 },
                    "end": { "line": 40, "column": 25 }
                },
                "type": "default-arg",
                "locations": [
                    {
                        "start": { "line": 40, "column": 24 },
                        "end": { "line": 40, "column": 25 }
                    }
                ]
            },
            "5": {
                "loc": {
                    "start": { "line": 41, "column": 12 },
                    "end": { "line": 41, "column": 35 }
                },
                "type": "default-arg",
                "locations": [
                    {
                        "start": { "line": 41, "column": 30 },
                        "end": { "line": 41, "column": 35 }
                    }
                ]
            },
            "6": {
                "loc": {
                    "start": { "line": 53, "column": 8 },
                    "end": { "line": 60, "column": 9 }
                },
                "type": "if",
                "locations": [
                    {
                        "start": { "line": 53, "column": 8 },
                        "end": { "line": 60, "column": 9 }
                    }
                ]
            },
            "7": {
                "loc": {
                    "start": { "line": 57, "column": 30 },
                    "end": { "line": 57, "column": 38 }
                },
                "type": "binary-expr",
                "locations": [
                    {
                        "start": { "line": 57, "column": 30 },
                        "end": { "line": 57, "column": 33 }
                    },
                    {
                        "start": { "line": 57, "column": 37 },
                        "end": { "line": 57, "column": 38 }
                    }
                ]
            },
            "8": {
                "loc": {
                    "start": { "line": 71, "column": 30 },
                    "end": { "line": 71, "column": 73 }
                },
                "type": "binary-expr",
                "locations": [
                    {
                        "start": { "line": 71, "column": 30 },
                        "end": { "line": 71, "column": 51 }
                    },
                    {
                        "start": { "line": 71, "column": 55 },
                        "end": { "line": 71, "column": 73 }
                    }
                ]
            },
            "9": {
                "loc": {
                    "start": { "line": 77, "column": 8 },
                    "end": { "line": 77, "column": 73 }
                },
                "type": "if",
                "locations": [
                    {
                        "start": { "line": 77, "column": 8 },
                        "end": { "line": 77, "column": 73 }
                    }
                ]
            },
            "10": {
                "loc": {
                    "start": { "line": 78, "column": 8 },
                    "end": { "line": 78, "column": 73 }
                },
                "type": "if",
                "locations": [
                    {
                        "start": { "line": 78, "column": 8 },
                        "end": { "line": 78, "column": 73 }
                    }
                ]
            },
            "11": {
                "loc": {
                    "start": { "line": 88, "column": 38 },
                    "end": { "line": 88, "column": 52 }
                },
                "type": "binary-expr",
                "locations": [
                    {
                        "start": { "line": 88, "column": 38 },
                        "end": { "line": 88, "column": 45 }
                    },
                    {
                        "start": { "line": 88, "column": 49 },
                        "end": { "line": 88, "column": 52 }
                    }
                ]
            },
            "12": {
                "loc": {
                    "start": { "line": 91, "column": 12 },
                    "end": { "line": 91, "column": 60 }
                },
                "type": "if",
                "locations": [
                    {
                        "start": { "line": 91, "column": 12 },
                        "end": { "line": 91, "column": 60 }
                    }
                ]
            },
            "13": {
                "loc": {
                    "start": { "line": 105, "column": 12 },
                    "end": { "line": 105, "column": 58 }
                },
                "type": "if",
                "locations": [
                    {
                        "start": { "line": 105, "column": 12 },
                        "end": { "line": 105, "column": 58 }
                    }
                ]
            },
            "14": {
                "loc": {
                    "start": { "line": 112, "column": 20 },
                    "end": { "line": 112, "column": 74 }
                },
                "type": "cond-expr",
                "locations": [
                    {
                        "start": { "line": 112, "column": 46 },
                        "end": { "line": 112, "column": 61 }
                    },
                    {
                        "start": { "line": 112, "column": 65 },
                        "end": { "line": 112, "column": 73 }
                    }
                ]
            },
            "15": {
                "loc": {
                    "start": { "line": 112, "column": 65 },
                    "end": { "line": 112, "column": 73 }
                },
                "type": "binary-expr",
                "locations": [
                    {
                        "start": { "line": 112, "column": 65 },
                        "end": { "line": 112, "column": 68 }
                    },
                    {
                        "start": { "line": 112, "column": 72 },
                        "end": { "line": 112, "column": 73 }
                    }
                ]
            },
            "16": {
                "loc": {
                    "start": { "line": 115, "column": 12 },
                    "end": { "line": 115, "column": 63 }
                },
                "type": "if",
                "locations": [
                    {
                        "start": { "line": 115, "column": 12 },
                        "end": { "line": 115, "column": 63 }
                    }
                ]
            },
            "17": {
                "loc": {
                    "start": { "line": 119, "column": 38 },
                    "end": { "line": 119, "column": 58 }
                },
                "type": "binary-expr",
                "locations": [
                    {
                        "start": { "line": 119, "column": 38 },
                        "end": { "line": 119, "column": 51 }
                    },
                    {
                        "start": { "line": 119, "column": 55 },
                        "end": { "line": 119, "column": 58 }
                    }
                ]
            },
            "18": {
                "loc": {
                    "start": { "line": 123, "column": 12 },
                    "end": { "line": 123, "column": 37 }
                },
                "type": "if",
                "locations": [
                    {
                        "start": { "line": 123, "column": 12 },
                        "end": { "line": 123, "column": 37 }
                    }
                ]
            },
            "19": {
                "loc": {
                    "start": { "line": 125, "column": 25 },
                    "end": { "line": 125, "column": 55 }
                },
                "type": "cond-expr",
                "locations": [
                    {
                        "start": { "line": 125, "column": 41 },
                        "end": { "line": 125, "column": 47 }
                    },
                    {
                        "start": { "line": 125, "column": 50 },
                        "end": { "line": 125, "column": 55 }
                    }
                ]
            },
            "20": {
                "loc": {
                    "start": { "line": 126, "column": 31 },
                    "end": { "line": 126, "column": 77 }
                },
                "type": "cond-expr",
                "locations": [
                    {
                        "start": { "line": 126, "column": 48 },
                        "end": { "line": 126, "column": 61 }
                    },
                    {
                        "start": { "line": 126, "column": 64 },
                        "end": { "line": 126, "column": 77 }
                    }
                ]
            },
            "21": {
                "loc": {
                    "start": { "line": 131, "column": 12 },
                    "end": { "line": 137, "column": 13 }
                },
                "type": "if",
                "locations": [
                    {
                        "start": { "line": 131, "column": 12 },
                        "end": { "line": 137, "column": 13 }
                    }
                ]
            },
            "22": {
                "loc": {
                    "start": { "line": 133, "column": 20 },
                    "end": { "line": 133, "column": 66 }
                },
                "type": "cond-expr",
                "locations": [
                    {
                        "start": { "line": 133, "column": 37 },
                        "end": { "line": 133, "column": 50 }
                    },
                    {
                        "start": { "line": 133, "column": 53 },
                        "end": { "line": 133, "column": 66 }
                    }
                ]
            },
            "23": {
                "loc": {
                    "start": { "line": 134, "column": 16 },
                    "end": { "line": 136, "column": 17 }
                },
                "type": "if",
                "locations": [
                    {
                        "start": { "line": 134, "column": 16 },
                        "end": { "line": 136, "column": 17 }
                    }
                ]
            },
            "24": {
                "loc": {
                    "start": { "line": 143, "column": 25 },
                    "end": { "line": 143, "column": 59 }
                },
                "type": "binary-expr",
                "locations": [
                    {
                        "start": { "line": 143, "column": 25 },
                        "end": { "line": 143, "column": 54 }
                    },
                    {
                        "start": { "line": 143, "column": 58 },
                        "end": { "line": 143, "column": 59 }
                    }
                ]
            },
            "25": {
                "loc": {
                    "start": { "line": 144, "column": 12 },
                    "end": { "line": 158, "column": 13 }
                },
                "type": "if",
                "locations": [
                    {
                        "start": { "line": 144, "column": 12 },
                        "end": { "line": 158, "column": 13 }
                    }
                ]
            },
            "26": {
                "loc": {
                    "start": { "line": 145, "column": 16 },
                    "end": { "line": 146, "column": 49 }
                },
                "type": "binary-expr",
                "locations": [
                    {
                        "start": { "line": 145, "column": 16 },
                        "end": { "line": 145, "column": 51 }
                    },
                    {
                        "start": { "line": 146, "column": 16 },
                        "end": { "line": 146, "column": 49 }
                    }
                ]
            }
        },
        "s": {
            "0": 1,
            "1": 1,
            "2": 1,
            "3": 1,
            "4": 1,
            "5": 1,
            "6": 1,
            "7": 1,
            "8": 1,
            "9": 1,
            "10": 1,
            "11": 1,
            "12": 1,
            "13": 1,
            "14": 1,
            "15": 1,
            "16": 0,
            "17": 0,
            "18": 0,
            "19": 0,
            "20": 0,
            "21": 0,
            "22": 0,
            "23": 0,
            "24": 0,
            "25": 0,
            "26": 0,
            "27": 1,
            "28": 1,
            "29": 1,
            "30": 1,
            "31": 1,
            "32": 1,
            "33": 1,
            "34": 1,
            "35": 1,
            "36": 1,
            "37": 1,
            "38": 1,
            "39": 1,
            "40": 1,
            "41": 1,
            "42": 1,
            "43": 1,
            "44": 1,
            "45": 0,
            "46": 0,
            "47": 0,
            "48": 0,
            "49": 0,
            "50": 0,
            "51": 0,
            "52": 0,
            "53": 0,
            "54": 0,
            "55": 0,
            "56": 0,
            "57": 0,
            "58": 0,
            "59": 0,
            "60": 0,
            "61": 0,
            "62": 0,
            "63": 0,
            "64": 0,
            "65": 1
        },
        "f": { "0": 1, "1": 1, "2": 1, "3": 0, "4": 0, "5": 1, "6": 1 },
        "b": {
            "0": [0],
            "1": [0],
            "2": [0],
            "3": [0],
            "4": [0],
            "5": [1],
            "6": [1],
            "7": [1, 0],
            "8": [0, 0],
            "9": [0],
            "10": [0],
            "11": [1, 0],
            "12": [1],
            "13": [1],
            "14": [1, 0],
            "15": [0, 0],
            "16": [1],
            "17": [0, 0],
            "18": [0],
            "19": [0, 0],
            "20": [0, 0],
            "21": [0],
            "22": [0, 0],
            "23": [0],
            "24": [0, 0],
            "25": [0],
            "26": [0, 0]
        }
    },
    "/Users/marcschot/Projects/OrderFlow Trading/src/orderFlowDashBoard.ts": {
        "path": "/Users/marcschot/Projects/OrderFlow Trading/src/orderFlowDashBoard.ts",
        "statementMap": {
            "0": {
                "start": { "line": 1, "column": 0 },
                "end": { "line": 1, "column": 30 }
            },
            "1": {
                "start": { "line": 2, "column": 0 },
                "end": { "line": 2, "column": 24 }
            },
            "2": {
                "start": { "line": 3, "column": 0 },
                "end": { "line": 3, "column": 58 }
            },
            "3": {
                "start": { "line": 5, "column": 0 },
                "end": { "line": 5, "column": 52 }
            },
            "4": {
                "start": { "line": 6, "column": 0 },
                "end": { "line": 6, "column": 44 }
            },
            "5": {
                "start": { "line": 7, "column": 0 },
                "end": { "line": 7, "column": 58 }
            },
            "6": {
                "start": { "line": 9, "column": 0 },
                "end": { "line": 9, "column": 36 }
            },
            "7": {
                "start": { "line": 10, "column": 0 },
                "end": { "line": 10, "column": 58 }
            },
            "8": {
                "start": { "line": 11, "column": 0 },
                "end": { "line": 11, "column": 58 }
            },
            "9": {
                "start": { "line": 12, "column": 0 },
                "end": { "line": 12, "column": 62 }
            },
            "10": {
                "start": { "line": 13, "column": 0 },
                "end": { "line": 13, "column": 67 }
            },
            "11": {
                "start": { "line": 16, "column": 42 },
                "end": { "line": 16, "column": 56 }
            },
            "12": {
                "start": { "line": 17, "column": 38 },
                "end": { "line": 19, "column": 19 }
            },
            "13": {
                "start": { "line": 20, "column": 55 },
                "end": { "line": 20, "column": 64 }
            },
            "14": {
                "start": { "line": 21, "column": 40 },
                "end": { "line": 23, "column": null }
            },
            "15": {
                "start": { "line": 25, "column": 38 },
                "end": { "line": 27, "column": null }
            },
            "16": {
                "start": { "line": 38, "column": 29 },
                "end": { "line": 44, "column": 6 }
            },
            "17": {
                "start": { "line": 47, "column": 16 },
                "end": { "line": 47, "column": 67 }
            },
            "18": {
                "start": { "line": 49, "column": 8 },
                "end": { "line": 49, "column": 49 }
            },
            "19": {
                "start": { "line": 50, "column": 8 },
                "end": { "line": 50, "column": 59 }
            },
            "20": {
                "start": { "line": 51, "column": 8 },
                "end": { "line": 51, "column": 53 }
            },
            "21": {
                "start": { "line": 53, "column": 8 },
                "end": { "line": 65, "column": 10 }
            },
            "22": {
                "start": { "line": 55, "column": 16 },
                "end": { "line": 57, "column": 18 }
            },
            "23": {
                "start": { "line": 56, "column": 20 },
                "end": { "line": 56, "column": 69 }
            },
            "24": {
                "start": { "line": 66, "column": 8 },
                "end": { "line": 78, "column": 10 }
            },
            "25": {
                "start": { "line": 68, "column": 16 },
                "end": { "line": 70, "column": 18 }
            },
            "26": {
                "start": { "line": 69, "column": 20 },
                "end": { "line": 69, "column": 69 }
            },
            "27": {
                "start": { "line": 79, "column": 8 },
                "end": { "line": 99, "column": 10 }
            },
            "28": {
                "start": { "line": 81, "column": 48 },
                "end": { "line": 88, "column": 18 }
            },
            "29": {
                "start": { "line": 90, "column": 16 },
                "end": { "line": 90, "column": 62 }
            },
            "30": {
                "start": { "line": 91, "column": 16 },
                "end": { "line": 91, "column": 59 }
            },
            "31": {
                "start": { "line": 101, "column": 8 },
                "end": { "line": 101, "column": 77 }
            },
            "32": {
                "start": { "line": 103, "column": 8 },
                "end": { "line": 173, "column": 11 }
            },
            "33": {
                "start": { "line": 104, "column": 12 },
                "end": { "line": 104, "column": 44 }
            },
            "34": {
                "start": { "line": 106, "column": 12 },
                "end": { "line": 106, "column": 69 }
            },
            "35": {
                "start": { "line": 106, "column": 33 },
                "end": { "line": 106, "column": 67 }
            },
            "36": {
                "start": { "line": 108, "column": 12 },
                "end": { "line": 172, "column": 15 }
            },
            "37": {
                "start": { "line": 109, "column": 16 },
                "end": { "line": 171, "column": 17 }
            },
            "38": {
                "start": { "line": 113, "column": 20 },
                "end": { "line": 119, "column": 21 }
            },
            "39": {
                "start": { "line": 114, "column": 24 },
                "end": { "line": 114, "column": 38 }
            },
            "40": {
                "start": { "line": 115, "column": 27 },
                "end": { "line": 119, "column": 21 }
            },
            "41": {
                "start": { "line": 116, "column": 24 },
                "end": { "line": 116, "column": 49 }
            },
            "42": {
                "start": { "line": 118, "column": 24 },
                "end": { "line": 118, "column": 69 }
            },
            "43": {
                "start": { "line": 121, "column": 44 },
                "end": { "line": 121, "column": 59 }
            },
            "44": {
                "start": { "line": 123, "column": 20 },
                "end": { "line": 125, "column": 21 }
            },
            "45": {
                "start": { "line": 124, "column": 24 },
                "end": { "line": 124, "column": 59 }
            },
            "46": {
                "start": { "line": 127, "column": 20 },
                "end": { "line": 127, "column": 37 }
            },
            "47": {
                "start": { "line": 128, "column": 20 },
                "end": { "line": 133, "column": 21 }
            },
            "48": {
                "start": { "line": 132, "column": 24 },
                "end": { "line": 132, "column": 69 }
            },
            "49": {
                "start": { "line": 135, "column": 20 },
                "end": { "line": 139, "column": 21 }
            },
            "50": {
                "start": { "line": 136, "column": 24 },
                "end": { "line": 138, "column": 26 }
            },
            "51": {
                "start": { "line": 141, "column": 20 },
                "end": { "line": 168, "column": 21 }
            },
            "52": {
                "start": { "line": 145, "column": 42 },
                "end": { "line": 145, "column": 62 }
            },
            "53": {
                "start": { "line": 146, "column": 39 },
                "end": { "line": 146, "column": 72 }
            },
            "54": {
                "start": { "line": 148, "column": 24 },
                "end": { "line": 155, "column": 25 }
            },
            "55": {
                "start": { "line": 153, "column": 28 },
                "end": { "line": 153, "column": 79 }
            },
            "56": {
                "start": { "line": 154, "column": 28 },
                "end": { "line": 154, "column": 35 }
            },
            "57": {
                "start": { "line": 157, "column": 24 },
                "end": { "line": 157, "column": 73 }
            },
            "58": {
                "start": { "line": 159, "column": 28 },
                "end": { "line": 159, "column": 71 }
            },
            "59": {
                "start": { "line": 160, "column": 24 },
                "end": { "line": 160, "column": 52 }
            },
            "60": {
                "start": { "line": 161, "column": 24 },
                "end": { "line": 167, "column": 26 }
            },
            "61": {
                "start": { "line": 170, "column": 20 },
                "end": { "line": 170, "column": 64 }
            },
            "62": {
                "start": { "line": 175, "column": 8 },
                "end": { "line": 175, "column": 65 }
            },
            "63": {
                "start": { "line": 181, "column": 8 },
                "end": { "line": 186, "column": 10 }
            },
            "64": {
                "start": { "line": 192, "column": 8 },
                "end": { "line": 199, "column": 9 }
            },
            "65": {
                "start": { "line": 198, "column": 12 },
                "end": { "line": 198, "column": 25 }
            },
            "66": {
                "start": { "line": 201, "column": 20 },
                "end": { "line": 201, "column": null }
            },
            "67": {
                "start": { "line": 206, "column": 8 },
                "end": { "line": 213, "column": 19 }
            },
            "68": {
                "start": { "line": 217, "column": 27 },
                "end": { "line": 217, "column": 60 }
            },
            "69": {
                "start": { "line": 218, "column": 8 },
                "end": { "line": 218, "column": 62 }
            },
            "70": {
                "start": { "line": 219, "column": 8 },
                "end": { "line": 219, "column": 56 }
            },
            "71": {
                "start": { "line": 220, "column": 8 },
                "end": { "line": 222, "column": 11 }
            },
            "72": {
                "start": { "line": 221, "column": 12 },
                "end": { "line": 221, "column": 79 }
            },
            "73": {
                "start": { "line": 226, "column": 8 },
                "end": { "line": 230, "column": 9 }
            },
            "74": {
                "start": { "line": 227, "column": 12 },
                "end": { "line": 227, "column": 53 }
            },
            "75": {
                "start": { "line": 229, "column": 12 },
                "end": { "line": 229, "column": 61 }
            },
            "76": {
                "start": { "line": 234, "column": 8 },
                "end": { "line": 238, "column": 9 }
            },
            "77": {
                "start": { "line": 235, "column": 12 },
                "end": { "line": 235, "column": 66 }
            },
            "78": {
                "start": { "line": 237, "column": 12 },
                "end": { "line": 237, "column": 65 }
            },
            "79": {
                "start": { "line": 242, "column": 8 },
                "end": { "line": 246, "column": 11 }
            },
            "80": {
                "start": { "line": 243, "column": 12 },
                "end": { "line": 245, "column": 13 }
            },
            "81": {
                "start": { "line": 244, "column": 16 },
                "end": { "line": 244, "column": 53 }
            },
            "82": {
                "start": { "line": 250, "column": 8 },
                "end": { "line": 254, "column": 9 }
            },
            "83": {
                "start": { "line": 251, "column": 12 },
                "end": { "line": 251, "column": 40 }
            },
            "84": {
                "start": { "line": 253, "column": 12 },
                "end": { "line": 253, "column": 64 }
            },
            "85": {
                "start": { "line": 258, "column": 8 },
                "end": { "line": 326, "column": 9 }
            },
            "86": {
                "start": { "line": 259, "column": 31 },
                "end": { "line": 259, "column": 72 }
            },
            "87": {
                "start": { "line": 261, "column": 12 },
                "end": { "line": 272, "column": 15 }
            },
            "88": {
                "start": { "line": 262, "column": 16 },
                "end": { "line": 271, "column": 17 }
            },
            "89": {
                "start": { "line": 263, "column": 20 },
                "end": { "line": 263, "column": 80 }
            },
            "90": {
                "start": { "line": 264, "column": 20 },
                "end": { "line": 268, "column": 29 }
            },
            "91": {
                "start": { "line": 265, "column": 24 },
                "end": { "line": 267, "column": 27 }
            },
            "92": {
                "start": { "line": 266, "column": 28 },
                "end": { "line": 266, "column": 71 }
            },
            "93": {
                "start": { "line": 270, "column": 20 },
                "end": { "line": 270, "column": 77 }
            },
            "94": {
                "start": { "line": 274, "column": 12 },
                "end": { "line": 323, "column": 13 }
            },
            "95": {
                "start": { "line": 275, "column": 39 },
                "end": { "line": 277, "column": 18 }
            },
            "96": {
                "start": { "line": 278, "column": 36 },
                "end": { "line": 281, "column": 18 }
            },
            "97": {
                "start": { "line": 283, "column": 16 },
                "end": { "line": 300, "column": 18 }
            },
            "98": {
                "start": { "line": 288, "column": 24 },
                "end": { "line": 298, "column": 25 }
            },
            "99": {
                "start": { "line": 289, "column": 28 },
                "end": { "line": 289, "column": 67 }
            },
            "100": {
                "start": { "line": 290, "column": 28 },
                "end": { "line": 290, "column": 67 }
            },
            "101": {
                "start": { "line": 292, "column": 32 },
                "end": { "line": 293, "column": null }
            },
            "102": {
                "start": { "line": 295, "column": 28 },
                "end": { "line": 295, "column": 59 }
            },
            "103": {
                "start": { "line": 297, "column": 28 },
                "end": { "line": 297, "column": 78 }
            },
            "104": {
                "start": { "line": 302, "column": 16 },
                "end": { "line": 320, "column": 18 }
            },
            "105": {
                "start": { "line": 305, "column": 24 },
                "end": { "line": 318, "column": 25 }
            },
            "106": {
                "start": { "line": 306, "column": 28 },
                "end": { "line": 306, "column": 67 }
            },
            "107": {
                "start": { "line": 307, "column": 28 },
                "end": { "line": 307, "column": 67 }
            },
            "108": {
                "start": { "line": 308, "column": 28 },
                "end": { "line": 308, "column": 69 }
            },
            "109": {
                "start": { "line": 309, "column": 28 },
                "end": { "line": 312, "column": 30 }
            },
            "110": {
                "start": { "line": 314, "column": 32 },
                "end": { "line": 314, "column": 67 }
            },
            "111": {
                "start": { "line": 315, "column": 28 },
                "end": { "line": 315, "column": 65 }
            },
            "112": {
                "start": { "line": 317, "column": 28 },
                "end": { "line": 317, "column": 78 }
            },
            "113": {
                "start": { "line": 322, "column": 16 },
                "end": { "line": 322, "column": 77 }
            },
            "114": {
                "start": { "line": 325, "column": 12 },
                "end": { "line": 325, "column": 73 }
            },
            "115": {
                "start": { "line": 330, "column": 8 },
                "end": { "line": 348, "column": 9 }
            },
            "116": {
                "start": { "line": 331, "column": 29 },
                "end": { "line": 337, "column": 14 }
            },
            "117": {
                "start": { "line": 339, "column": 12 },
                "end": { "line": 343, "column": 13 }
            },
            "118": {
                "start": { "line": 340, "column": 16 },
                "end": { "line": 342, "column": 18 }
            },
            "119": {
                "start": { "line": 345, "column": 12 },
                "end": { "line": 345, "column": 61 }
            },
            "120": {
                "start": { "line": 347, "column": 12 },
                "end": { "line": 347, "column": 67 }
            },
            "121": {
                "start": { "line": 352, "column": 8 },
                "end": { "line": 352, "column": 52 }
            },
            "122": {
                "start": { "line": 354, "column": 27 },
                "end": { "line": 354, "column": 50 }
            },
            "123": {
                "start": { "line": 355, "column": 8 },
                "end": { "line": 367, "column": 9 }
            },
            "124": {
                "start": { "line": 356, "column": 28 },
                "end": { "line": 363, "column": 14 }
            },
            "125": {
                "start": { "line": 364, "column": 12 },
                "end": { "line": 364, "column": 63 }
            },
            "126": {
                "start": { "line": 366, "column": 12 },
                "end": { "line": 366, "column": 52 }
            },
            "127": {
                "start": { "line": 369, "column": 8 },
                "end": { "line": 373, "column": 11 }
            },
            "128": {
                "start": { "line": 377, "column": 33 },
                "end": { "line": 377, "column": 46 }
            },
            "129": {
                "start": { "line": 378, "column": 27 },
                "end": { "line": 389, "column": 27 }
            },
            "130": {
                "start": { "line": 379, "column": 12 },
                "end": { "line": 381, "column": 14 }
            },
            "131": {
                "start": { "line": 382, "column": 12 },
                "end": { "line": 388, "column": 13 }
            },
            "132": {
                "start": { "line": 383, "column": 16 },
                "end": { "line": 383, "column": 42 }
            },
            "133": {
                "start": { "line": 385, "column": 16 },
                "end": { "line": 387, "column": 18 }
            },
            "134": {
                "start": { "line": 391, "column": 8 },
                "end": { "line": 395, "column": 11 }
            },
            "135": {
                "start": { "line": 392, "column": 12 },
                "end": { "line": 392, "column": 45 }
            },
            "136": {
                "start": { "line": 393, "column": 12 },
                "end": { "line": 393, "column": 38 }
            },
            "137": {
                "start": { "line": 394, "column": 12 },
                "end": { "line": 394, "column": 27 }
            },
            "138": {
                "start": { "line": 399, "column": 21 },
                "end": { "line": 399, "column": 31 }
            },
            "139": {
                "start": { "line": 400, "column": 31 },
                "end": { "line": 409, "column": 10 }
            },
            "140": {
                "start": { "line": 411, "column": 8 },
                "end": { "line": 413, "column": 10 }
            },
            "141": {
                "start": { "line": 414, "column": 8 },
                "end": { "line": 414, "column": 43 }
            },
            "142": {
                "start": { "line": 415, "column": 8 },
                "end": { "line": 419, "column": 10 }
            },
            "143": {
                "start": { "line": 423, "column": 21 },
                "end": { "line": 423, "column": 31 }
            },
            "144": {
                "start": { "line": 424, "column": 31 },
                "end": { "line": 433, "column": 10 }
            },
            "145": {
                "start": { "line": 434, "column": 8 },
                "end": { "line": 436, "column": 10 }
            },
            "146": {
                "start": { "line": 437, "column": 8 },
                "end": { "line": 437, "column": 43 }
            },
            "147": {
                "start": { "line": 438, "column": 8 },
                "end": { "line": 442, "column": 10 }
            },
            "148": {
                "start": { "line": 446, "column": 8 },
                "end": { "line": 446, "column": 46 }
            },
            "149": {
                "start": { "line": 450, "column": 8 },
                "end": { "line": 467, "column": 9 }
            },
            "150": {
                "start": { "line": 451, "column": 12 },
                "end": { "line": 451, "column": 34 }
            },
            "151": {
                "start": { "line": 453, "column": 34 },
                "end": { "line": 453, "column": 54 }
            },
            "152": {
                "start": { "line": 454, "column": 42 },
                "end": { "line": 454, "column": 70 }
            },
            "153": {
                "start": { "line": 455, "column": 38 },
                "end": { "line": 455, "column": 62 }
            },
            "154": {
                "start": { "line": 457, "column": 12 },
                "end": { "line": 461, "column": 15 }
            },
            "155": {
                "start": { "line": 463, "column": 12 },
                "end": { "line": 463, "column": 33 }
            },
            "156": {
                "start": { "line": 464, "column": 12 },
                "end": { "line": 464, "column": 70 }
            },
            "157": {
                "start": { "line": 466, "column": 12 },
                "end": { "line": 466, "column": 73 }
            },
            "158": {
                "start": { "line": 15, "column": 0 },
                "end": { "line": 15, "column": 13 }
            }
        },
        "fnMap": {
            "0": {
                "name": "(anonymous_1)",
                "decl": {
                    "start": { "line": 46, "column": 4 },
                    "end": { "line": 46, "column": null }
                },
                "loc": {
                    "start": { "line": 47, "column": 77 },
                    "end": { "line": 176, "column": 5 }
                }
            },
            "1": {
                "name": "(anonymous_2)",
                "decl": {
                    "start": { "line": 54, "column": 12 },
                    "end": { "line": 54, "column": 13 }
                },
                "loc": {
                    "start": { "line": 54, "column": 21 },
                    "end": { "line": 58, "column": 13 }
                }
            },
            "2": {
                "name": "(anonymous_3)",
                "decl": {
                    "start": { "line": 55, "column": 59 },
                    "end": { "line": 55, "column": 60 }
                },
                "loc": {
                    "start": { "line": 56, "column": 20 },
                    "end": { "line": 56, "column": 69 }
                }
            },
            "3": {
                "name": "(anonymous_4)",
                "decl": {
                    "start": { "line": 67, "column": 12 },
                    "end": { "line": 67, "column": 13 }
                },
                "loc": {
                    "start": { "line": 67, "column": 21 },
                    "end": { "line": 71, "column": 13 }
                }
            },
            "4": {
                "name": "(anonymous_5)",
                "decl": {
                    "start": { "line": 68, "column": 59 },
                    "end": { "line": 68, "column": 60 }
                },
                "loc": {
                    "start": { "line": 69, "column": 20 },
                    "end": { "line": 69, "column": 69 }
                }
            },
            "5": {
                "name": "(anonymous_6)",
                "decl": {
                    "start": { "line": 80, "column": 12 },
                    "end": { "line": 80, "column": 13 }
                },
                "loc": {
                    "start": { "line": 80, "column": 26 },
                    "end": { "line": 92, "column": 13 }
                }
            },
            "6": {
                "name": "(anonymous_7)",
                "decl": {
                    "start": { "line": 103, "column": 49 },
                    "end": { "line": 103, "column": 50 }
                },
                "loc": {
                    "start": { "line": 103, "column": 56 },
                    "end": { "line": 173, "column": 9 }
                }
            },
            "7": {
                "name": "(anonymous_8)",
                "decl": {
                    "start": { "line": 106, "column": 27 },
                    "end": { "line": 106, "column": 30 }
                },
                "loc": {
                    "start": { "line": 106, "column": 33 },
                    "end": { "line": 106, "column": 67 }
                }
            },
            "8": {
                "name": "(anonymous_9)",
                "decl": {
                    "start": { "line": 108, "column": 29 },
                    "end": { "line": 108, "column": 30 }
                },
                "loc": {
                    "start": { "line": 108, "column": 41 },
                    "end": { "line": 172, "column": 13 }
                }
            },
            "9": {
                "name": "(anonymous_10)",
                "decl": {
                    "start": { "line": 178, "column": 12 },
                    "end": { "line": 178, "column": 30 }
                },
                "loc": {
                    "start": { "line": 179, "column": 20 },
                    "end": { "line": 187, "column": 5 }
                }
            },
            "10": {
                "name": "(anonymous_11)",
                "decl": {
                    "start": { "line": 189, "column": 12 },
                    "end": { "line": 189, "column": 28 }
                },
                "loc": {
                    "start": { "line": 190, "column": 24 },
                    "end": { "line": 214, "column": 5 }
                }
            },
            "11": {
                "name": "(anonymous_12)",
                "decl": {
                    "start": { "line": 216, "column": 12 },
                    "end": { "line": 216, "column": 26 }
                },
                "loc": {
                    "start": { "line": 216, "column": 26 },
                    "end": { "line": 223, "column": 5 }
                }
            },
            "12": {
                "name": "(anonymous_13)",
                "decl": {
                    "start": { "line": 220, "column": 46 },
                    "end": { "line": 220, "column": 49 }
                },
                "loc": {
                    "start": { "line": 220, "column": 51 },
                    "end": { "line": 222, "column": 9 }
                }
            },
            "13": {
                "name": "(anonymous_14)",
                "decl": {
                    "start": { "line": 225, "column": 12 },
                    "end": { "line": 225, "column": 17 }
                },
                "loc": {
                    "start": { "line": 225, "column": 31 },
                    "end": { "line": 231, "column": 5 }
                }
            },
            "14": {
                "name": "(anonymous_15)",
                "decl": {
                    "start": { "line": 233, "column": 12 },
                    "end": { "line": 233, "column": 17 }
                },
                "loc": {
                    "start": { "line": 233, "column": 39 },
                    "end": { "line": 239, "column": 5 }
                }
            },
            "15": {
                "name": "(anonymous_16)",
                "decl": {
                    "start": { "line": 241, "column": 12 },
                    "end": { "line": 241, "column": 25 }
                },
                "loc": {
                    "start": { "line": 241, "column": 51 },
                    "end": { "line": 247, "column": 5 }
                }
            },
            "16": {
                "name": "(anonymous_17)",
                "decl": {
                    "start": { "line": 242, "column": 48 },
                    "end": { "line": 242, "column": 49 }
                },
                "loc": {
                    "start": { "line": 242, "column": 59 },
                    "end": { "line": 246, "column": 9 }
                }
            },
            "17": {
                "name": "(anonymous_18)",
                "decl": {
                    "start": { "line": 249, "column": 12 },
                    "end": { "line": 249, "column": 28 }
                },
                "loc": {
                    "start": { "line": 249, "column": 54 },
                    "end": { "line": 255, "column": 5 }
                }
            },
            "18": {
                "name": "(anonymous_19)",
                "decl": {
                    "start": { "line": 257, "column": 12 },
                    "end": { "line": 257, "column": 17 }
                },
                "loc": {
                    "start": { "line": 257, "column": 35 },
                    "end": { "line": 327, "column": 5 }
                }
            },
            "19": {
                "name": "(anonymous_20)",
                "decl": {
                    "start": { "line": 261, "column": 35 },
                    "end": { "line": 261, "column": 44 }
                },
                "loc": {
                    "start": { "line": 261, "column": 46 },
                    "end": { "line": 272, "column": 13 }
                }
            },
            "20": {
                "name": "(anonymous_21)",
                "decl": {
                    "start": { "line": 264, "column": 33 },
                    "end": { "line": 264, "column": 36 }
                },
                "loc": {
                    "start": { "line": 264, "column": 38 },
                    "end": { "line": 268, "column": 21 }
                }
            },
            "21": {
                "name": "(anonymous_22)",
                "decl": {
                    "start": { "line": 265, "column": 60 },
                    "end": { "line": 265, "column": 61 }
                },
                "loc": {
                    "start": { "line": 265, "column": 68 },
                    "end": { "line": 267, "column": 25 }
                }
            },
            "22": {
                "name": "(anonymous_23)",
                "decl": {
                    "start": { "line": 285, "column": 20 },
                    "end": { "line": 285, "column": null }
                },
                "loc": {
                    "start": { "line": 287, "column": 30 },
                    "end": { "line": 299, "column": 21 }
                }
            },
            "23": {
                "name": "(anonymous_24)",
                "decl": {
                    "start": { "line": 304, "column": 20 },
                    "end": { "line": 304, "column": 21 }
                },
                "loc": {
                    "start": { "line": 304, "column": 74 },
                    "end": { "line": 319, "column": 21 }
                }
            },
            "24": {
                "name": "(anonymous_25)",
                "decl": {
                    "start": { "line": 329, "column": 12 },
                    "end": { "line": 329, "column": 17 }
                },
                "loc": {
                    "start": { "line": 329, "column": 72 },
                    "end": { "line": 349, "column": 5 }
                }
            },
            "25": {
                "name": "(anonymous_26)",
                "decl": {
                    "start": { "line": 351, "column": 11 },
                    "end": { "line": 351, "column": 16 }
                },
                "loc": {
                    "start": { "line": 351, "column": 47 },
                    "end": { "line": 374, "column": 5 }
                }
            },
            "26": {
                "name": "(anonymous_27)",
                "decl": {
                    "start": { "line": 376, "column": 12 },
                    "end": { "line": 376, "column": 25 }
                },
                "loc": {
                    "start": { "line": 376, "column": 25 },
                    "end": { "line": 396, "column": 5 }
                }
            },
            "27": {
                "name": "(anonymous_28)",
                "decl": {
                    "start": { "line": 378, "column": 39 },
                    "end": { "line": 378, "column": 42 }
                },
                "loc": {
                    "start": { "line": 378, "column": 44 },
                    "end": { "line": 389, "column": 9 }
                }
            },
            "28": {
                "name": "(anonymous_29)",
                "decl": {
                    "start": { "line": 391, "column": 29 },
                    "end": { "line": 391, "column": 32 }
                },
                "loc": {
                    "start": { "line": 391, "column": 34 },
                    "end": { "line": 395, "column": 9 }
                }
            },
            "29": {
                "name": "(anonymous_30)",
                "decl": {
                    "start": { "line": 398, "column": 12 },
                    "end": { "line": 398, "column": 17 }
                },
                "loc": {
                    "start": { "line": 398, "column": 57 },
                    "end": { "line": 420, "column": 5 }
                }
            },
            "30": {
                "name": "(anonymous_31)",
                "decl": {
                    "start": { "line": 422, "column": 12 },
                    "end": { "line": 422, "column": 17 }
                },
                "loc": {
                    "start": { "line": 422, "column": 57 },
                    "end": { "line": 443, "column": 5 }
                }
            },
            "31": {
                "name": "(anonymous_32)",
                "decl": {
                    "start": { "line": 445, "column": 12 },
                    "end": { "line": 445, "column": 33 }
                },
                "loc": {
                    "start": { "line": 445, "column": 61 },
                    "end": { "line": 447, "column": 5 }
                }
            },
            "32": {
                "name": "(anonymous_33)",
                "decl": {
                    "start": { "line": 449, "column": 11 },
                    "end": { "line": 449, "column": 16 }
                },
                "loc": {
                    "start": { "line": 449, "column": 31 },
                    "end": { "line": 468, "column": 5 }
                }
            }
        },
        "branchMap": {
            "0": {
                "loc": {
                    "start": { "line": 18, "column": 8 },
                    "end": { "line": 18, "column": 39 }
                },
                "type": "binary-expr",
                "locations": [
                    {
                        "start": { "line": 18, "column": 8 },
                        "end": { "line": 18, "column": 26 }
                    },
                    {
                        "start": { "line": 18, "column": 30 },
                        "end": { "line": 18, "column": 39 }
                    }
                ]
            },
            "1": {
                "loc": {
                    "start": { "line": 22, "column": 8 },
                    "end": { "line": 22, "column": 34 }
                },
                "type": "binary-expr",
                "locations": [
                    {
                        "start": { "line": 22, "column": 8 },
                        "end": { "line": 22, "column": 24 }
                    },
                    {
                        "start": { "line": 22, "column": 28 },
                        "end": { "line": 22, "column": 34 }
                    }
                ]
            },
            "2": {
                "loc": {
                    "start": { "line": 26, "column": 8 },
                    "end": { "line": 26, "column": 37 }
                },
                "type": "binary-expr",
                "locations": [
                    {
                        "start": { "line": 26, "column": 8 },
                        "end": { "line": 26, "column": 27 }
                    },
                    {
                        "start": { "line": 26, "column": 31 },
                        "end": { "line": 26, "column": 37 }
                    }
                ]
            },
            "3": {
                "loc": {
                    "start": { "line": 47, "column": 16 },
                    "end": { "line": 47, "column": 77 }
                },
                "type": "default-arg",
                "locations": [
                    {
                        "start": { "line": 47, "column": 67 },
                        "end": { "line": 47, "column": 77 }
                    }
                ]
            },
            "4": {
                "loc": {
                    "start": { "line": 113, "column": 20 },
                    "end": { "line": 119, "column": 21 }
                },
                "type": "if",
                "locations": [
                    {
                        "start": { "line": 113, "column": 20 },
                        "end": { "line": 119, "column": 21 }
                    },
                    {
                        "start": { "line": 115, "column": 27 },
                        "end": { "line": 119, "column": 21 }
                    }
                ]
            },
            "5": {
                "loc": {
                    "start": { "line": 115, "column": 27 },
                    "end": { "line": 119, "column": 21 }
                },
                "type": "if",
                "locations": [
                    {
                        "start": { "line": 115, "column": 27 },
                        "end": { "line": 119, "column": 21 }
                    },
                    {
                        "start": { "line": 117, "column": 27 },
                        "end": { "line": 119, "column": 21 }
                    }
                ]
            },
            "6": {
                "loc": {
                    "start": { "line": 123, "column": 20 },
                    "end": { "line": 125, "column": 21 }
                },
                "type": "if",
                "locations": [
                    {
                        "start": { "line": 123, "column": 20 },
                        "end": { "line": 125, "column": 21 }
                    }
                ]
            },
            "7": {
                "loc": {
                    "start": { "line": 128, "column": 20 },
                    "end": { "line": 133, "column": 21 }
                },
                "type": "if",
                "locations": [
                    {
                        "start": { "line": 128, "column": 20 },
                        "end": { "line": 133, "column": 21 }
                    }
                ]
            },
            "8": {
                "loc": {
                    "start": { "line": 129, "column": 24 },
                    "end": { "line": 130, "column": 56 }
                },
                "type": "binary-expr",
                "locations": [
                    {
                        "start": { "line": 129, "column": 24 },
                        "end": { "line": 129, "column": 51 }
                    },
                    {
                        "start": { "line": 130, "column": 24 },
                        "end": { "line": 130, "column": 56 }
                    }
                ]
            },
            "9": {
                "loc": {
                    "start": { "line": 135, "column": 20 },
                    "end": { "line": 139, "column": 21 }
                },
                "type": "if",
                "locations": [
                    {
                        "start": { "line": 135, "column": 20 },
                        "end": { "line": 139, "column": 21 }
                    }
                ]
            },
            "10": {
                "loc": {
                    "start": { "line": 141, "column": 20 },
                    "end": { "line": 168, "column": 21 }
                },
                "type": "if",
                "locations": [
                    {
                        "start": { "line": 141, "column": 20 },
                        "end": { "line": 168, "column": 21 }
                    }
                ]
            },
            "11": {
                "loc": {
                    "start": { "line": 142, "column": 24 },
                    "end": { "line": 143, "column": 54 }
                },
                "type": "binary-expr",
                "locations": [
                    {
                        "start": { "line": 142, "column": 24 },
                        "end": { "line": 142, "column": 50 }
                    },
                    {
                        "start": { "line": 143, "column": 24 },
                        "end": { "line": 143, "column": 54 }
                    }
                ]
            },
            "12": {
                "loc": {
                    "start": { "line": 146, "column": 48 },
                    "end": { "line": 146, "column": 67 }
                },
                "type": "binary-expr",
                "locations": [
                    {
                        "start": { "line": 146, "column": 48 },
                        "end": { "line": 146, "column": 57 }
                    },
                    {
                        "start": { "line": 146, "column": 61 },
                        "end": { "line": 146, "column": 67 }
                    }
                ]
            },
            "13": {
                "loc": {
                    "start": { "line": 148, "column": 24 },
                    "end": { "line": 155, "column": 25 }
                },
                "type": "if",
                "locations": [
                    {
                        "start": { "line": 148, "column": 24 },
                        "end": { "line": 155, "column": 25 }
                    }
                ]
            },
            "14": {
                "loc": {
                    "start": { "line": 149, "column": 28 },
                    "end": { "line": 151, "column": 42 }
                },
                "type": "binary-expr",
                "locations": [
                    {
                        "start": { "line": 149, "column": 28 },
                        "end": { "line": 149, "column": 53 }
                    },
                    {
                        "start": { "line": 150, "column": 28 },
                        "end": { "line": 150, "column": 39 }
                    },
                    {
                        "start": { "line": 151, "column": 28 },
                        "end": { "line": 151, "column": 42 }
                    }
                ]
            },
            "15": {
                "loc": {
                    "start": { "line": 182, "column": 12 },
                    "end": { "line": 185, "column": 63 }
                },
                "type": "binary-expr",
                "locations": [
                    {
                        "start": { "line": 182, "column": 12 },
                        "end": { "line": 182, "column": 35 }
                    },
                    {
                        "start": { "line": 183, "column": 12 },
                        "end": { "line": 183, "column": 24 }
                    },
                    {
                        "start": { "line": 184, "column": 12 },
                        "end": { "line": 184, "column": 25 }
                    },
                    {
                        "start": { "line": 185, "column": 12 },
                        "end": { "line": 185, "column": 63 }
                    }
                ]
            },
            "16": {
                "loc": {
                    "start": { "line": 192, "column": 8 },
                    "end": { "line": 199, "column": 9 }
                },
                "type": "if",
                "locations": [
                    {
                        "start": { "line": 192, "column": 8 },
                        "end": { "line": 199, "column": 9 }
                    }
                ]
            },
            "17": {
                "loc": {
                    "start": { "line": 193, "column": 12 },
                    "end": { "line": 196, "column": 32 }
                },
                "type": "binary-expr",
                "locations": [
                    {
                        "start": { "line": 193, "column": 12 },
                        "end": { "line": 193, "column": 39 }
                    },
                    {
                        "start": { "line": 194, "column": 12 },
                        "end": { "line": 194, "column": 28 }
                    },
                    {
                        "start": { "line": 195, "column": 12 },
                        "end": { "line": 195, "column": 32 }
                    },
                    {
                        "start": { "line": 196, "column": 12 },
                        "end": { "line": 196, "column": 32 }
                    }
                ]
            },
            "18": {
                "loc": {
                    "start": { "line": 206, "column": 15 },
                    "end": { "line": 213, "column": 18 }
                },
                "type": "cond-expr",
                "locations": [
                    {
                        "start": { "line": 210, "column": 14 },
                        "end": { "line": 212, "column": 33 }
                    },
                    {
                        "start": { "line": 213, "column": 14 },
                        "end": { "line": 213, "column": 18 }
                    }
                ]
            },
            "19": {
                "loc": {
                    "start": { "line": 206, "column": 15 },
                    "end": { "line": 209, "column": 32 }
                },
                "type": "binary-expr",
                "locations": [
                    {
                        "start": { "line": 206, "column": 15 },
                        "end": { "line": 206, "column": 37 }
                    },
                    {
                        "start": { "line": 207, "column": 12 },
                        "end": { "line": 207, "column": 40 }
                    },
                    {
                        "start": { "line": 208, "column": 12 },
                        "end": { "line": 208, "column": 29 }
                    },
                    {
                        "start": { "line": 209, "column": 12 },
                        "end": { "line": 209, "column": 32 }
                    }
                ]
            },
            "20": {
                "loc": {
                    "start": { "line": 210, "column": 14 },
                    "end": { "line": 212, "column": 33 }
                },
                "type": "binary-expr",
                "locations": [
                    {
                        "start": { "line": 210, "column": 14 },
                        "end": { "line": 210, "column": 74 }
                    },
                    {
                        "start": { "line": 211, "column": 18 },
                        "end": { "line": 212, "column": 33 }
                    }
                ]
            },
            "21": {
                "loc": {
                    "start": { "line": 243, "column": 12 },
                    "end": { "line": 245, "column": 13 }
                },
                "type": "if",
                "locations": [
                    {
                        "start": { "line": 243, "column": 12 },
                        "end": { "line": 245, "column": 13 }
                    }
                ]
            },
            "22": {
                "loc": {
                    "start": { "line": 310, "column": 43 },
                    "end": { "line": 310, "column": 56 }
                },
                "type": "binary-expr",
                "locations": [
                    {
                        "start": { "line": 310, "column": 43 },
                        "end": { "line": 310, "column": 49 }
                    },
                    {
                        "start": { "line": 310, "column": 53 },
                        "end": { "line": 310, "column": 56 }
                    }
                ]
            },
            "23": {
                "loc": {
                    "start": { "line": 311, "column": 32 },
                    "end": { "line": 311, "column": 52 }
                },
                "type": "binary-expr",
                "locations": [
                    {
                        "start": { "line": 311, "column": 32 },
                        "end": { "line": 311, "column": 38 }
                    },
                    {
                        "start": { "line": 311, "column": 42 },
                        "end": { "line": 311, "column": 52 }
                    }
                ]
            },
            "24": {
                "loc": {
                    "start": { "line": 339, "column": 12 },
                    "end": { "line": 343, "column": 13 }
                },
                "type": "if",
                "locations": [
                    {
                        "start": { "line": 339, "column": 12 },
                        "end": { "line": 343, "column": 13 }
                    }
                ]
            },
            "25": {
                "loc": {
                    "start": { "line": 355, "column": 8 },
                    "end": { "line": 367, "column": 9 }
                },
[...]
                    },
                    {
                        "start": { "line": 405, "column": 69 },
                        "end": { "line": 405, "column": 74 }
                    }
                ]
            },
            "27": {
                "loc": {
                    "start": { "line": 407, "column": 34 },
                    "end": { "line": 407, "column": 74 }
                },
                "type": "cond-expr",
                "locations": [
                    {
                        "start": { "line": 407, "column": 60 },
                        "end": { "line": 407, "column": 65 }
                    },
                    {
                        "start": { "line": 407, "column": 68 },
                        "end": { "line": 407, "column": 74 }
                    }
                ]
            },
            "28": {
                "loc": {
                    "start": { "line": 429, "column": 34 },
                    "end": { "line": 429, "column": 74 }
                },
                "type": "cond-expr",
                "locations": [
                    {
                        "start": { "line": 429, "column": 60 },
                        "end": { "line": 429, "column": 66 }
                    },
                    {
                        "start": { "line": 429, "column": 69 },
                        "end": { "line": 429, "column": 74 }
                    }
                ]
            },
            "29": {
                "loc": {
                    "start": { "line": 431, "column": 34 },
                    "end": { "line": 431, "column": 74 }
                },
                "type": "cond-expr",
                "locations": [
                    {
                        "start": { "line": 431, "column": 60 },
                        "end": { "line": 431, "column": 65 }
                    },
                    {
                        "start": { "line": 431, "column": 68 },
                        "end": { "line": 431, "column": 74 }
                    }
                ]
            }
        },
        "s": {
            "0": 1,
            "1": 1,
            "2": 1,
            "3": 1,
            "4": 1,
            "5": 1,
            "6": 1,
            "7": 1,
            "8": 1,
            "9": 1,
            "10": 1,
            "11": 50,
            "12": 50,
            "13": 50,
            "14": 50,
            "15": 50,
            "16": 50,
            "17": 50,
            "18": 50,
            "19": 50,
            "20": 50,
            "21": 50,
            "22": 0,
            "23": 0,
            "24": 50,
            "25": 0,
            "26": 0,
            "27": 50,
            "28": 1,
            "29": 1,
            "30": 1,
            "31": 50,
            "32": 50,
            "33": 42,
            "34": 42,
            "35": 0,
            "36": 42,
            "37": 11,
            "38": 11,
            "39": 9,
            "40": 2,
            "41": 1,
            "42": 1,
            "43": 10,
            "44": 9,
            "45": 2,
            "46": 7,
            "47": 7,
            "48": 0,
            "49": 7,
            "50": 2,
            "51": 7,
            "52": 5,
            "53": 5,
            "54": 5,
            "55": 3,
            "56": 3,
            "57": 2,
            "58": 2,
            "59": 2,
            "60": 2,
            "61": 4,
            "62": 50,
            "63": 13,
            "64": 8,
            "65": 3,
            "66": 5,
            "67": 5,
            "68": 4,
            "69": 4,
            "70": 4,
            "71": 4,
            "72": 4,
            "73": 1,
            "74": 1,
            "75": 0,
            "76": 2,
            "77": 2,
            "78": 0,
            "79": 8,
            "80": 7,
            "81": 0,
            "82": 3,
            "83": 3,
            "84": 2,
            "85": 9,
            "86": 9,
            "87": 7,
            "88": 2,
            "89": 2,
            "90": 2,
            "91": 0,
            "92": 0,
            "93": 2,
            "94": 7,
            "95": 7,
            "96": 6,
            "97": 6,
            "98": 1,
            "99": 1,
            "100": 1,
            "101": 1,
            "102": 0,
            "103": 1,
            "104": 5,
            "105": 1,
            "106": 1,
            "107": 1,
            "108": 1,
            "109": 1,
            "110": 1,
            "111": 0,
            "112": 1,
            "113": 2,
            "114": 2,
            "115": 5,
            "116": 5,
            "117": 4,
            "118": 1,
            "119": 3,
            "120": 2,
            "121": 5,
            "122": 5,
            "123": 5,
            "124": 4,
            "125": 4,
            "126": 1,
            "127": 5,
            "128": 3,
            "129": 3,
            "130": 1,
            "131": 1,
            "132": 1,
            "133": 1,
            "134": 3,
            "135": 1,
            "136": 1,
            "137": 1,
            "138": 1,
            "139": 1,
            "140": 1,
            "141": 1,
            "142": 1,
            "143": 1,
            "144": 1,
            "145": 1,
            "146": 1,
            "147": 1,
            "148": 1,
            "149": 2,
            "150": 2,
            "151": 2,
            "152": 2,
            "153": 2,
            "154": 2,
            "155": 1,
            "156": 1,
            "157": 1,
            "158": 1
        },
        "f": {
            "0": 50,
            "1": 0,
            "2": 0,
            "3": 0,
            "4": 0,
            "5": 1,
            "6": 42,
            "7": 0,
            "8": 11,
            "9": 13,
            "10": 8,
            "11": 4,
            "12": 4,
            "13": 1,
            "14": 2,
            "15": 8,
            "16": 7,
            "17": 3,
            "18": 9,
            "19": 2,
            "20": 0,
            "21": 0,
            "22": 1,
            "23": 1,
            "24": 5,
            "25": 5,
            "26": 3,
            "27": 1,
            "28": 1,
            "29": 1,
            "30": 1,
            "31": 1,
            "32": 2
        },
        "b": {
            "0": [50, 50],
            "1": [50, 50],
            "2": [50, 50],
            "3": [50],
            "4": [9, 2],
            "5": [1, 1],
            "6": [2],
            "7": [0],
            "8": [7, 7],
            "9": [2],
            "10": [5],
            "11": [7, 5],
            "12": [5, 1],
            "13": [3],
            "14": [5, 4, 3],
            "15": [13, 12, 11, 9],
            "16": [3],
            "17": [8, 8, 7, 6],
            "18": [4, 1],
            "19": [5, 5, 5, 5],
            "20": [4, 0],
            "21": [0],
            "22": [1, 0],
            "23": [1, 0],
            "24": [1],
            "25": [4, 1],
            "26": [1, 0],
            "27": [1, 0],
            "28": [0, 1],
            "29": [0, 1]
        }
    },
    "/Users/marcschot/Projects/OrderFlow Trading/src/swingPredictor.ts": {
        "path": "/Users/marcschot/Projects/OrderFlow Trading/src/swingPredictor.ts",
        "statementMap": {
            "0": {
                "start": { "line": 25, "column": 50 },
                "end": { "line": 25, "column": 59 }
            },
            "1": {
                "start": { "line": 27, "column": 8 },
                "end": { "line": 27, "column": 17 }
            },
            "2": {
                "start": { "line": 30, "column": 8 },
                "end": { "line": 30, "column": 55 }
            },
            "3": {
                "start": { "line": 31, "column": 8 },
                "end": { "line": 31, "column": 53 }
            },
            "4": {
                "start": { "line": 32, "column": 8 },
                "end": { "line": 32, "column": 57 }
            },
            "5": {
                "start": { "line": 33, "column": 8 },
                "end": { "line": 33, "column": 65 }
            },
            "6": {
                "start": { "line": 34, "column": 8 },
                "end": { "line": 34, "column": 56 }
            },
            "7": {
                "start": { "line": 38, "column": 20 },
                "end": { "line": 38, "column": 51 }
            },
            "8": {
                "start": { "line": 39, "column": 8 },
                "end": { "line": 42, "column": 11 }
            },
            "9": {
                "start": { "line": 46, "column": 8 },
                "end": { "line": 82, "column": 9 }
            },
            "10": {
                "start": { "line": 47, "column": 12 },
                "end": { "line": 50, "column": 13 }
            },
            "11": {
                "start": { "line": 48, "column": 16 },
                "end": { "line": 48, "column": 49 }
            },
            "12": {
                "start": { "line": 49, "column": 16 },
                "end": { "line": 49, "column": 25 }
            },
            "13": {
                "start": { "line": 52, "column": 31 },
                "end": { "line": 52, "column": 40 }
            },
            "14": {
                "start": { "line": 53, "column": 33 },
                "end": { "line": 53, "column": 68 }
            },
            "15": {
                "start": { "line": 54, "column": 32 },
                "end": { "line": 54, "column": 74 }
            },
            "16": {
                "start": { "line": 55, "column": 29 },
                "end": { "line": 55, "column": 66 }
            },
            "17": {
                "start": { "line": 58, "column": 16 },
                "end": { "line": 60, "column": 41 }
            },
            "18": {
                "start": { "line": 61, "column": 30 },
                "end": { "line": 61, "column": 58 }
            },
            "19": {
                "start": { "line": 62, "column": 30 },
                "end": { "line": 64, "column": 57 }
            },
            "20": {
                "start": { "line": 66, "column": 12 },
                "end": { "line": 81, "column": 13 }
            },
            "21": {
                "start": { "line": 67, "column": 34 },
                "end": { "line": 67, "column": 67 }
            },
            "22": {
                "start": { "line": 68, "column": 36 },
                "end": { "line": 68, "column": 66 }
            },
            "23": {
                "start": { "line": 69, "column": 29 },
                "end": { "line": 69, "column": 70 }
            },
            "24": {
                "start": { "line": 71, "column": 16 },
                "end": { "line": 80, "column": 17 }
            },
            "25": {
                "start": { "line": 72, "column": 20 },
                "end": { "line": 72, "column": 63 }
            },
            "26": {
                "start": { "line": 73, "column": 20 },
                "end": { "line": 78, "column": 23 }
            },
            "27": {
                "start": { "line": 79, "column": 20 },
                "end": { "line": 79, "column": 53 }
            },
            "28": {
                "start": { "line": 18, "column": 0 },
                "end": { "line": 18, "column": 13 }
            }
        },
        "fnMap": {
            "0": {
                "name": "(anonymous_0)",
                "decl": {
                    "start": { "line": 29, "column": 4 },
                    "end": { "line": 29, "column": 16 }
                },
                "loc": {
                    "start": { "line": 29, "column": 44 },
                    "end": { "line": 35, "column": 5 }
                }
            },
            "1": {
                "name": "(anonymous_1)",
                "decl": {
                    "start": { "line": 37, "column": 11 },
                    "end": { "line": 37, "column": 19 }
                },
                "loc": {
                    "start": { "line": 37, "column": 34 },
                    "end": { "line": 43, "column": 5 }
                }
            },
            "2": {
                "name": "(anonymous_2)",
                "decl": {
                    "start": { "line": 45, "column": 11 },
                    "end": { "line": 45, "column": 18 }
                },
                "loc": {
                    "start": { "line": 45, "column": 46 },
                    "end": { "line": 83, "column": 5 }
                }
            }
        },
        "branchMap": {
            "0": {
                "loc": {
                    "start": { "line": 30, "column": 27 },
                    "end": { "line": 30, "column": 54 }
                },
                "type": "binary-expr",
                "locations": [
                    {
                        "start": { "line": 30, "column": 27 },
                        "end": { "line": 30, "column": 45 }
                    },
                    {
                        "start": { "line": 30, "column": 49 },
                        "end": { "line": 30, "column": 54 }
                    }
                ]
            },
            "1": {
                "loc": {
                    "start": { "line": 31, "column": 28 },
                    "end": { "line": 31, "column": 52 }
                },
                "type": "binary-expr",
                "locations": [
                    {
                        "start": { "line": 31, "column": 28 },
                        "end": { "line": 31, "column": 47 }
                    },
                    {
                        "start": { "line": 31, "column": 51 },
                        "end": { "line": 31, "column": 52 }
                    }
                ]
            },
            "2": {
                "loc": {
                    "start": { "line": 32, "column": 30 },
                    "end": { "line": 32, "column": 56 }
                },
                "type": "binary-expr",
                "locations": [
                    {
                        "start": { "line": 32, "column": 30 },
                        "end": { "line": 32, "column": 51 }
                    },
                    {
                        "start": { "line": 32, "column": 55 },
                        "end": { "line": 32, "column": 56 }
                    }
                ]
            },
            "3": {
                "loc": {
                    "start": { "line": 33, "column": 32 },
                    "end": { "line": 33, "column": 64 }
                },
                "type": "binary-expr",
                "locations": [
                    {
                        "start": { "line": 33, "column": 32 },
                        "end": { "line": 33, "column": 55 }
                    },
                    {
                        "start": { "line": 33, "column": 59 },
                        "end": { "line": 33, "column": 64 }
                    }
                ]
            },
            "4": {
                "loc": {
                    "start": { "line": 47, "column": 12 },
                    "end": { "line": 50, "column": 13 }
                },
                "type": "if",
                "locations": [
                    {
                        "start": { "line": 47, "column": 12 },
                        "end": { "line": 50, "column": 13 }
                    }
                ]
            },
            "5": {
                "loc": {
                    "start": { "line": 58, "column": 16 },
                    "end": { "line": 60, "column": 41 }
                },
                "type": "binary-expr",
                "locations": [
                    {
                        "start": { "line": 58, "column": 16 },
                        "end": { "line": 58, "column": 54 }
                    },
                    {
                        "start": { "line": 59, "column": 17 },
                        "end": { "line": 59, "column": 55 }
                    },
                    {
                        "start": { "line": 60, "column": 20 },
                        "end": { "line": 60, "column": 40 }
                    }
                ]
            },
            "6": {
                "loc": {
                    "start": { "line": 62, "column": 30 },
                    "end": { "line": 64, "column": 57 }
                },
                "type": "cond-expr",
                "locations": [
                    {
                        "start": { "line": 63, "column": 18 },
                        "end": { "line": 63, "column": 57 }
                    },
                    {
                        "start": { "line": 64, "column": 18 },
                        "end": { "line": 64, "column": 57 }
                    }
                ]
            },
            "7": {
                "loc": {
                    "start": { "line": 66, "column": 12 },
                    "end": { "line": 81, "column": 13 }
                },
                "type": "if",
                "locations": [
                    {
                        "start": { "line": 66, "column": 12 },
                        "end": { "line": 81, "column": 13 }
                    }
                ]
            },
            "8": {
                "loc": {
                    "start": { "line": 67, "column": 34 },
                    "end": { "line": 67, "column": 67 }
                },
                "type": "cond-expr",
                "locations": [
                    {
                        "start": { "line": 67, "column": 43 },
                        "end": { "line": 67, "column": 53 }
                    },
                    {
                        "start": { "line": 67, "column": 56 },
                        "end": { "line": 67, "column": 67 }
                    }
                ]
            },
            "9": {
                "loc": {
                    "start": { "line": 69, "column": 29 },
                    "end": { "line": 69, "column": 70 }
                },
                "type": "binary-expr",
                "locations": [
                    {
                        "start": { "line": 69, "column": 29 },
                        "end": { "line": 69, "column": 65 }
                    },
                    {
                        "start": { "line": 69, "column": 69 },
                        "end": { "line": 69, "column": 70 }
                    }
                ]
            },
            "10": {
                "loc": {
                    "start": { "line": 71, "column": 16 },
                    "end": { "line": 80, "column": 17 }
                },
                "type": "if",
                "locations": [
                    {
                        "start": { "line": 71, "column": 16 },
                        "end": { "line": 80, "column": 17 }
                    }
                ]
            }
        },
        "s": {
            "0": 3,
            "1": 3,
            "2": 3,
            "3": 3,
            "4": 3,
            "5": 3,
            "6": 3,
            "7": 4,
            "8": 4,
            "9": 5,
            "10": 4,
            "11": 0,
            "12": 0,
            "13": 4,
            "14": 4,
            "15": 4,
            "16": 4,
            "17": 4,
            "18": 4,
            "19": 4,
            "20": 4,
            "21": 3,
            "22": 3,
            "23": 3,
            "24": 3,
            "25": 2,
            "26": 2,
            "27": 2,
            "28": 1
        },
        "f": { "0": 3, "1": 4, "2": 5 },
        "b": {
            "0": [3, 0],
            "1": [3, 0],
            "2": [3, 0],
            "3": [3, 0],
            "4": [0],
            "5": [4, 1, 1],
            "6": [4, 0],
            "7": [3],
            "8": [3, 0],
            "9": [3, 2],
            "10": [2]
        }
    }
}
