TN:
SF:src/absorptionDetector.ts
FN:34,(anonymous_0)
FN:52,(anonymous_1)
FN:57,(anonymous_2)
FN:63,(anonymous_3)
FN:64,(anonymous_4)
FN:81,(anonymous_5)
FN:110,(anonymous_6)
FNF:7
FNH:5
FNDA:1,(anonymous_0)
FNDA:1,(anonymous_1)
FNDA:1,(anonymous_2)
FNDA:0,(anonymous_3)
FNDA:0,(anonymous_4)
FNDA:1,(anonymous_5)
FNDA:1,(anonymous_6)
DA:21,1
DA:22,1
DA:23,1
DA:30,1
DA:32,1
DA:44,1
DA:45,1
DA:46,1
DA:47,1
DA:48,1
DA:49,1
DA:53,1
DA:54,1
DA:55,1
DA:56,1
DA:57,1
DA:59,1
DA:64,0
DA:68,0
DA:69,0
DA:70,0
DA:71,0
DA:72,0
DA:73,0
DA:77,0
DA:78,0
DA:83,1
DA:87,1
DA:88,1
DA:91,1
DA:92,1
DA:96,1
DA:100,1
DA:102,1
DA:105,1
DA:106,1
DA:109,1
DA:110,1
DA:112,1
DA:113,1
DA:115,1
DA:118,0
DA:119,0
DA:122,0
DA:123,0
DA:125,0
DA:126,0
DA:129,0
DA:130,0
DA:131,0
DA:133,0
DA:134,0
DA:135,0
DA:138,0
DA:141,0
DA:142,0
DA:143,0
DA:144,0
DA:148,0
DA:149,0
LF:60
LH:32
BRDA:36,0,0,0
BRDA:37,1,0,0
BRDA:38,2,0,0
BRDA:39,3,0,0
BRDA:40,4,0,0
BRDA:41,5,0,1
BRDA:53,6,0,1
BRDA:57,7,0,1
BRDA:57,7,1,0
BRDA:71,8,0,0
BRDA:71,8,1,0
BRDA:77,9,0,0
BRDA:78,10,0,0
BRDA:88,11,0,1
BRDA:88,11,1,0
BRDA:91,12,0,1
BRDA:105,13,0,1
BRDA:112,14,0,1
BRDA:112,14,1,0
BRDA:112,15,0,0
BRDA:112,15,1,0
BRDA:115,16,0,1
BRDA:119,17,0,0
BRDA:119,17,1,0
BRDA:123,18,0,0
BRDA:125,19,0,0
BRDA:125,19,1,0
BRDA:126,20,0,0
BRDA:126,20,1,0
BRDA:131,21,0,0
BRDA:133,22,0,0
BRDA:133,22,1,0
BRDA:134,23,0,0
BRDA:143,24,0,0
BRDA:143,24,1,0
BRDA:144,25,0,0
BRDA:145,26,0,0
BRDA:145,26,1,0
BRF:38
BRH:8
end_of_record
TN:
SF:src/orderFlowDashBoard.ts
FN:46,(anonymous_1)
FN:54,(anonymous_2)
FN:55,(anonymous_3)
FN:67,(anonymous_4)
FN:68,(anonymous_5)
FN:80,(anonymous_6)
FN:103,(anonymous_7)
FN:106,(anonymous_8)
FN:108,(anonymous_9)
FN:178,(anonymous_10)
FN:189,(anonymous_11)
FN:216,(anonymous_12)
FN:220,(anonymous_13)
FN:225,(anonymous_14)
FN:233,(anonymous_15)
FN:241,(anonymous_16)
FN:242,(anonymous_17)
FN:249,(anonymous_18)
FN:257,(anonymous_19)
FN:261,(anonymous_20)
FN:264,(anonymous_21)
FN:265,(anonymous_22)
FN:285,(anonymous_23)
FN:304,(anonymous_24)
FN:329,(anonymous_25)
FN:351,(anonymous_26)
FN:376,(anonymous_27)
FN:378,(anonymous_28)
FN:391,(anonymous_29)
FN:398,(anonymous_30)
FN:422,(anonymous_31)
FN:445,(anonymous_32)
FN:449,(anonymous_33)
FNF:33
FNH:26
FNDA:50,(anonymous_1)
FNDA:0,(anonymous_2)
FNDA:0,(anonymous_3)
FNDA:0,(anonymous_4)
FNDA:0,(anonymous_5)
FNDA:1,(anonymous_6)
FNDA:42,(anonymous_7)
FNDA:0,(anonymous_8)
FNDA:11,(anonymous_9)
FNDA:13,(anonymous_10)
FNDA:8,(anonymous_11)
FNDA:4,(anonymous_12)
FNDA:4,(anonymous_13)
FNDA:1,(anonymous_14)
FNDA:2,(anonymous_15)
FNDA:8,(anonymous_16)
FNDA:7,(anonymous_17)
FNDA:3,(anonymous_18)
FNDA:9,(anonymous_19)
FNDA:2,(anonymous_20)
FNDA:0,(anonymous_21)
FNDA:0,(anonymous_22)
FNDA:1,(anonymous_23)
FNDA:1,(anonymous_24)
FNDA:5,(anonymous_25)
FNDA:5,(anonymous_26)
FNDA:3,(anonymous_27)
FNDA:1,(anonymous_28)
FNDA:1,(anonymous_29)
FNDA:1,(anonymous_30)
FNDA:1,(anonymous_31)
FNDA:1,(anonymous_32)
FNDA:2,(anonymous_33)
DA:1,1
DA:2,1
DA:3,1
DA:5,1
DA:6,1
DA:7,1
DA:9,1
DA:10,1
DA:11,1
DA:12,1
DA:13,1
DA:15,1
DA:16,50
DA:17,50
DA:20,50
DA:21,50
DA:25,50
DA:38,50
DA:47,50
DA:49,50
DA:50,50
DA:51,50
DA:53,50
DA:55,0
DA:56,0
DA:66,50
DA:68,0
DA:69,0
DA:79,50
DA:81,1
DA:90,1
DA:91,1
DA:101,50
DA:103,50
DA:104,42
DA:106,42
DA:108,42
DA:109,11
DA:113,11
DA:114,9
DA:115,2
DA:116,1
DA:118,1
DA:121,10
DA:123,9
DA:124,2
DA:127,7
DA:128,7
DA:132,0
DA:135,7
DA:136,2
DA:141,7
DA:145,5
DA:146,5
DA:148,5
DA:153,3
DA:154,3
DA:157,2
DA:159,2
DA:160,2
DA:161,2
DA:170,4
DA:175,50
DA:181,13
DA:192,8
DA:198,3
DA:201,5
DA:206,5
DA:217,4
DA:218,4
DA:219,4
DA:220,4
DA:221,4
DA:226,1
DA:227,1
DA:229,0
DA:234,2
DA:235,2
DA:237,0
DA:242,8
DA:243,7
DA:244,0
DA:250,3
DA:251,3
DA:253,2
DA:258,9
DA:259,9
DA:261,7
DA:262,2
DA:263,2
DA:264,2
DA:265,0
DA:266,0
DA:270,2
DA:274,7
DA:275,7
DA:278,6
DA:283,6
DA:288,1
DA:289,1
DA:290,1
DA:292,1
DA:295,0
DA:297,1
DA:302,5
DA:305,1
DA:306,1
DA:307,1
DA:308,1
DA:309,1
DA:314,1
DA:315,0
DA:317,1
DA:322,2
DA:325,2
DA:330,5
DA:331,5
DA:339,4
DA:340,1
DA:345,3
DA:347,2
DA:352,5
DA:354,5
DA:355,5
DA:356,4
DA:364,4
DA:366,1
DA:369,5
DA:377,3
DA:378,3
DA:379,1
DA:382,1
DA:383,1
DA:385,1
DA:391,3
DA:392,1
DA:393,1
DA:394,1
DA:399,1
DA:400,1
DA:411,1
DA:414,1
DA:415,1
DA:423,1
DA:424,1
DA:434,1
DA:437,1
DA:438,1
DA:446,1
DA:450,2
DA:451,2
DA:453,2
DA:454,2
DA:455,2
DA:457,2
DA:463,1
DA:464,1
DA:466,1
LF:158
LH:146
BRDA:18,0,0,50
BRDA:18,0,1,50
BRDA:22,1,0,50
BRDA:22,1,1,50
BRDA:26,2,0,50
BRDA:26,2,1,50
BRDA:47,3,0,50
BRDA:113,4,0,9
BRDA:113,4,1,2
BRDA:115,5,0,1
BRDA:115,5,1,1
BRDA:123,6,0,2
BRDA:128,7,0,0
BRDA:129,8,0,7
BRDA:129,8,1,7
BRDA:135,9,0,2
BRDA:141,10,0,5
BRDA:142,11,0,7
BRDA:142,11,1,5
BRDA:146,12,0,5
BRDA:146,12,1,1
BRDA:148,13,0,3
BRDA:149,14,0,5
BRDA:149,14,1,4
BRDA:149,14,2,3
BRDA:182,15,0,13
BRDA:182,15,1,12
BRDA:182,15,2,11
BRDA:182,15,3,9
BRDA:192,16,0,3
BRDA:193,17,0,8
BRDA:193,17,1,8
BRDA:193,17,2,7
BRDA:193,17,3,6
BRDA:206,18,0,4
BRDA:206,18,1,1
BRDA:206,19,0,5
BRDA:206,19,1,5
BRDA:206,19,2,5
BRDA:206,19,3,5
BRDA:210,20,0,4
BRDA:210,20,1,0
BRDA:243,21,0,0
BRDA:310,22,0,1
BRDA:310,22,1,0
BRDA:311,23,0,1
BRDA:311,23,1,0
BRDA:339,24,0,1
BRDA:355,25,0,4
BRDA:355,25,1,1
BRDA:405,26,0,1
BRDA:405,26,1,0
BRDA:407,27,0,1
BRDA:407,27,1,0
BRDA:429,28,0,0
BRDA:429,28,1,1
BRDA:431,29,0,0
BRDA:431,29,1,1
BRF:58
BRH:49
end_of_record
TN:
SF:src/swingPredictor.ts
FN:29,(anonymous_0)
FN:37,(anonymous_1)
FN:45,(anonymous_2)
FNF:3
FNH:3
FNDA:3,(anonymous_0)
FNDA:4,(anonymous_1)
FNDA:5,(anonymous_2)
DA:18,1
DA:25,3
DA:27,3
DA:30,3
DA:31,3
DA:32,3
DA:33,3
DA:34,3
DA:38,4
DA:39,4
DA:46,5
DA:47,4
DA:48,0
DA:49,0
DA:52,4
DA:53,4
DA:54,4
DA:55,4
DA:58,4
DA:61,4
DA:62,4
DA:66,4
DA:67,3
DA:68,3
DA:69,3
DA:71,3
DA:72,2
DA:73,2
DA:79,2
LF:29
LH:27
BRDA:30,0,0,3
BRDA:30,0,1,0
BRDA:31,1,0,3
BRDA:31,1,1,0
BRDA:32,2,0,3
BRDA:32,2,1,0
BRDA:33,3,0,3
BRDA:33,3,1,0
BRDA:47,4,0,0
BRDA:58,5,0,4
BRDA:58,5,1,1
BRDA:58,5,2,1
BRDA:62,6,0,4
BRDA:62,6,1,0
BRDA:66,7,0,3
BRDA:67,8,0,3
BRDA:67,8,1,0
BRDA:69,9,0,3
BRDA:69,9,1,2
BRDA:71,10,0,2
BRF:20
BRH:13
end_of_record
